<?xml version="1.0" encoding="UTF-8"?>
<!-- Generated by org.testng.reporters.JUnitReportReporter -->
<testsuite name="TestScenario.SignInTest" tests="1" time="12.991" ignored="0" failures="0" timestamp="19 Apr 2018 16:56:01 GMT" skipped="0" hostname="KRISHNA-HP" errors="0">
  <testcase name="BranchLocator1001" time="12.991" classname="TestScenario.SignInTest"/>
</testsuite> <!-- TestScenario.SignInTest -->
