<?xml version="1.0" encoding="UTF-8"?>
<!-- Generated by org.testng.reporters.JUnitReportReporter -->
<testsuite name="TestScenario.PDFValidation" tests="2" time="9.188" ignored="0" failures="0" timestamp="04 Apr 2017 08:51:59 GMT" skipped="0" hostname="BDC6-D-3WDMX52" errors="0">
  <testcase name="testPDFReaderFile" time="8.093" classname="TestScenario.PDFValidation"/>
  <testcase name="testPDFReaderURL" time="1.095" classname="TestScenario.PDFValidation"/>
</testsuite> <!-- TestScenario.PDFValidation -->
