<?xml version="1.0" encoding="UTF-8"?>
<!-- Generated by org.testng.reporters.JUnitReportReporter -->
<testsuite name="TestScenario.HotelBookingTest" tests="1" time="43.019" ignored="0" failures="0" timestamp="20 Apr 2018 15:27:25 GMT" skipped="0" hostname="KRISHNA-HP" errors="0">
  <testcase name="HotelTest" time="43.019" classname="TestScenario.HotelBookingTest"/>
</testsuite> <!-- TestScenario.HotelBookingTest -->
